<?xml version="1.0" encoding="UTF-8"?>
<testsuite name="co.parking.utilities.impl.ManagerTimeImplTest" tests="2" skipped="0" failures="0" errors="0" timestamp="2018-01-09T02:19:13" hostname="lensel-Aspire-E5-471" time="0.009">
  <properties/>
  <testcase name="whenCallCalcRangeTimeThenCalculateRangeTime" classname="co.parking.utilities.impl.ManagerTimeImplTest" time="0.004"/>
  <testcase name="wheCallCurrenDateThenReturnADateObject" classname="co.parking.utilities.impl.ManagerTimeImplTest" time="0.003"/>
  <system-out><![CDATA[2018-01-08 21:19:13.277  INFO 8863 --- [    Test worker] .b.t.c.SpringBootTestContextBootstrapper : Neither @ContextConfiguration nor @ContextHierarchy found for test class [co.parking.utilities.impl.ManagerTimeImplTest], using SpringBootContextLoader
2018-01-08 21:19:13.279  INFO 8863 --- [    Test worker] o.s.t.c.support.AbstractContextLoader    : Could not detect default resource locations for test class [co.parking.utilities.impl.ManagerTimeImplTest]: no resource found for suffixes {-context.xml, Context.groovy}.
2018-01-08 21:19:13.293  INFO 8863 --- [    Test worker] .b.t.c.SpringBootTestContextBootstrapper : Loaded default TestExecutionListener class names from location [META-INF/spring.factories]: [org.springframework.boot.test.mock.mockito.MockitoTestExecutionListener, org.springframework.boot.test.mock.mockito.ResetMocksTestExecutionListener, org.springframework.boot.test.autoconfigure.restdocs.RestDocsTestExecutionListener, org.springframework.boot.test.autoconfigure.web.client.MockRestServiceServerResetTestExecutionListener, org.springframework.boot.test.autoconfigure.web.servlet.MockMvcPrintOnlyOnFailureTestExecutionListener, org.springframework.boot.test.autoconfigure.web.servlet.WebDriverTestExecutionListener, org.springframework.test.context.web.ServletTestExecutionListener, org.springframework.test.context.support.DirtiesContextBeforeModesTestExecutionListener, org.springframework.test.context.support.DependencyInjectionTestExecutionListener, org.springframework.test.context.support.DirtiesContextTestExecutionListener, org.springframework.test.context.transaction.TransactionalTestExecutionListener, org.springframework.test.context.jdbc.SqlScriptsTestExecutionListener]
2018-01-08 21:19:13.298  INFO 8863 --- [    Test worker] .b.t.c.SpringBootTestContextBootstrapper : Could not instantiate TestExecutionListener [org.springframework.test.context.web.ServletTestExecutionListener]. Specify custom listener classes or make the default listener classes (and their required dependencies) available. Offending class: [javax/servlet/ServletContext]
2018-01-08 21:19:13.299  INFO 8863 --- [    Test worker] .b.t.c.SpringBootTestContextBootstrapper : Using TestExecutionListeners: [org.springframework.test.context.support.DirtiesContextBeforeModesTestExecutionListener@dc14878, org.springframework.boot.test.autoconfigure.SpringBootDependencyInjectionTestExecutionListener@6389b992, org.springframework.test.context.support.DirtiesContextTestExecutionListener@618bf277, org.springframework.test.context.transaction.TransactionalTestExecutionListener@1cf6dfcc, org.springframework.test.context.jdbc.SqlScriptsTestExecutionListener@1bf3c6a2, org.springframework.boot.test.mock.mockito.MockitoTestExecutionListener@3518a967, org.springframework.boot.test.autoconfigure.restdocs.RestDocsTestExecutionListener@b3eedf9, org.springframework.boot.test.autoconfigure.web.client.MockRestServiceServerResetTestExecutionListener@211c4bed, org.springframework.boot.test.autoconfigure.web.servlet.MockMvcPrintOnlyOnFailureTestExecutionListener@245f4fba, org.springframework.boot.test.mock.mockito.ResetMocksTestExecutionListener@547c89c7, org.springframework.boot.test.autoconfigure.web.servlet.WebDriverTestExecutionListener@2851f794]
]]></system-out>
  <system-err><![CDATA[]]></system-err>
</testsuite>
