<?xml version="1.0" encoding="UTF-8"?>
<testsuite name="co.parking.utilities.impl.ManagerTimeImplTest" tests="2" skipped="0" failures="0" errors="0" timestamp="2018-01-10T21:46:48" hostname="LEONARDO-DIAZ" time="0.005">
  <properties/>
  <testcase name="whenCallCalcRangeTimeThenCalculateRangeTime" classname="co.parking.utilities.impl.ManagerTimeImplTest" time="0.002"/>
  <testcase name="wheCallCurrenDateThenReturnADateObject" classname="co.parking.utilities.impl.ManagerTimeImplTest" time="0.002"/>
  <system-out><![CDATA[2018-01-10 16:46:48.559  INFO 11468 --- [    Test worker] .b.t.c.SpringBootTestContextBootstrapper : Neither @ContextConfiguration nor @ContextHierarchy found for test class [co.parking.utilities.impl.ManagerTimeImplTest], using SpringBootContextLoader
2018-01-10 16:46:48.560  INFO 11468 --- [    Test worker] o.s.t.c.support.AbstractContextLoader    : Could not detect default resource locations for test class [co.parking.utilities.impl.ManagerTimeImplTest]: no resource found for suffixes {-context.xml, Context.groovy}.
2018-01-10 16:46:48.567  INFO 11468 --- [    Test worker] .b.t.c.SpringBootTestContextBootstrapper : Loaded default TestExecutionListener class names from location [META-INF/spring.factories]: [org.springframework.boot.test.mock.mockito.MockitoTestExecutionListener, org.springframework.boot.test.mock.mockito.ResetMocksTestExecutionListener, org.springframework.boot.test.autoconfigure.restdocs.RestDocsTestExecutionListener, org.springframework.boot.test.autoconfigure.web.client.MockRestServiceServerResetTestExecutionListener, org.springframework.boot.test.autoconfigure.web.servlet.MockMvcPrintOnlyOnFailureTestExecutionListener, org.springframework.boot.test.autoconfigure.web.servlet.WebDriverTestExecutionListener, org.springframework.test.context.web.ServletTestExecutionListener, org.springframework.test.context.support.DirtiesContextBeforeModesTestExecutionListener, org.springframework.test.context.support.DependencyInjectionTestExecutionListener, org.springframework.test.context.support.DirtiesContextTestExecutionListener, org.springframework.test.context.transaction.TransactionalTestExecutionListener, org.springframework.test.context.jdbc.SqlScriptsTestExecutionListener]
2018-01-10 16:46:48.570  INFO 11468 --- [    Test worker] .b.t.c.SpringBootTestContextBootstrapper : Could not instantiate TestExecutionListener [org.springframework.test.context.web.ServletTestExecutionListener]. Specify custom listener classes or make the default listener classes (and their required dependencies) available. Offending class: [javax/servlet/ServletContext]
2018-01-10 16:46:48.571  INFO 11468 --- [    Test worker] .b.t.c.SpringBootTestContextBootstrapper : Using TestExecutionListeners: [org.springframework.test.context.support.DirtiesContextBeforeModesTestExecutionListener@7d12f6a2, org.springframework.boot.test.autoconfigure.SpringBootDependencyInjectionTestExecutionListener@2ef5abe7, org.springframework.test.context.support.DirtiesContextTestExecutionListener@2533790a, org.springframework.test.context.transaction.TransactionalTestExecutionListener@4f26cfe, org.springframework.test.context.jdbc.SqlScriptsTestExecutionListener@6e3f3d24, org.springframework.boot.test.autoconfigure.web.servlet.WebDriverTestExecutionListener@6d161997, org.springframework.boot.test.autoconfigure.restdocs.RestDocsTestExecutionListener@53d3c616, org.springframework.boot.test.mock.mockito.MockitoTestExecutionListener@4451c50e, org.springframework.boot.test.mock.mockito.ResetMocksTestExecutionListener@539006bd, org.springframework.boot.test.autoconfigure.web.client.MockRestServiceServerResetTestExecutionListener@e9777f9, org.springframework.boot.test.autoconfigure.web.servlet.MockMvcPrintOnlyOnFailureTestExecutionListener@43b9f34b]
]]></system-out>
  <system-err><![CDATA[]]></system-err>
</testsuite>
