<?xml version="1.0" encoding="UTF-8"?>
<testsuite name="co.parking.utilities.impl.ValidatorRulesImplTest" tests="11" skipped="0" failures="0" errors="0" timestamp="2018-01-10T21:46:48" hostname="LEONARDO-DIAZ" time="0.035">
  <properties/>
  <testcase name="givenALicensePlateParkedWhenCallverifyLicensePlateThenThrowParkingException" classname="co.parking.utilities.impl.ValidatorRulesImplTest" time="0.003"/>
  <testcase name="givenANullObjectWhenCallverifyParkingDataTestThenThowParKingException" classname="co.parking.utilities.impl.ValidatorRulesImplTest" time="0.002"/>
  <testcase name="whenCallverifyLicensePlateThenThrowParkingException" classname="co.parking.utilities.impl.ValidatorRulesImplTest" time="0.003"/>
  <testcase name="givenAParkingObjectWhenCallverifyParkingDataTestThenDoNothing" classname="co.parking.utilities.impl.ValidatorRulesImplTest" time="0.003"/>
  <testcase name="givenALicensePlateWhenCallverifyLicensePlateThenThrowParkingException" classname="co.parking.utilities.impl.ValidatorRulesImplTest" time="0.002"/>
  <testcase name="givenAParkingWithoutLicensePlateWhenCallverifyParkingDataTestThenThowParKingException" classname="co.parking.utilities.impl.ValidatorRulesImplTest" time="0.003"/>
  <testcase name="givenNumberCarParkedwhenCallverifyParkingAvailableThenThrowParkingException" classname="co.parking.utilities.impl.ValidatorRulesImplTest" time="0.002"/>
  <testcase name="givenNumberMotorcycleParkedwhenCallverifyParkingAvailableThenDoNothing" classname="co.parking.utilities.impl.ValidatorRulesImplTest" time="0.001"/>
  <testcase name="givenAParkingObjectWithoutInformationWhenCallverifyParkingDataTestThenThowParKingException" classname="co.parking.utilities.impl.ValidatorRulesImplTest" time="0.001"/>
  <testcase name="givenNumberMotorcycleParkedwhenCallverifyParkingAvailableThenThrowParkingException" classname="co.parking.utilities.impl.ValidatorRulesImplTest" time="0.002"/>
  <testcase name="givenNumberCarParkedwhenCallverifyParkingAvailableThenDoNothing" classname="co.parking.utilities.impl.ValidatorRulesImplTest" time="0.001"/>
  <system-out><![CDATA[2018-01-10 16:46:48.582  INFO 11468 --- [    Test worker] .b.t.c.SpringBootTestContextBootstrapper : Neither @ContextConfiguration nor @ContextHierarchy found for test class [co.parking.utilities.impl.ValidatorRulesImplTest], using SpringBootContextLoader
2018-01-10 16:46:48.583  INFO 11468 --- [    Test worker] o.s.t.c.support.AbstractContextLoader    : Could not detect default resource locations for test class [co.parking.utilities.impl.ValidatorRulesImplTest]: no resource found for suffixes {-context.xml, Context.groovy}.
2018-01-10 16:46:48.590  INFO 11468 --- [    Test worker] .b.t.c.SpringBootTestContextBootstrapper : Loaded default TestExecutionListener class names from location [META-INF/spring.factories]: [org.springframework.boot.test.mock.mockito.MockitoTestExecutionListener, org.springframework.boot.test.mock.mockito.ResetMocksTestExecutionListener, org.springframework.boot.test.autoconfigure.restdocs.RestDocsTestExecutionListener, org.springframework.boot.test.autoconfigure.web.client.MockRestServiceServerResetTestExecutionListener, org.springframework.boot.test.autoconfigure.web.servlet.MockMvcPrintOnlyOnFailureTestExecutionListener, org.springframework.boot.test.autoconfigure.web.servlet.WebDriverTestExecutionListener, org.springframework.test.context.web.ServletTestExecutionListener, org.springframework.test.context.support.DirtiesContextBeforeModesTestExecutionListener, org.springframework.test.context.support.DependencyInjectionTestExecutionListener, org.springframework.test.context.support.DirtiesContextTestExecutionListener, org.springframework.test.context.transaction.TransactionalTestExecutionListener, org.springframework.test.context.jdbc.SqlScriptsTestExecutionListener]
2018-01-10 16:46:48.592  INFO 11468 --- [    Test worker] .b.t.c.SpringBootTestContextBootstrapper : Could not instantiate TestExecutionListener [org.springframework.test.context.web.ServletTestExecutionListener]. Specify custom listener classes or make the default listener classes (and their required dependencies) available. Offending class: [javax/servlet/ServletContext]
2018-01-10 16:46:48.593  INFO 11468 --- [    Test worker] .b.t.c.SpringBootTestContextBootstrapper : Using TestExecutionListeners: [org.springframework.test.context.support.DirtiesContextBeforeModesTestExecutionListener@56eb8aa0, org.springframework.boot.test.autoconfigure.SpringBootDependencyInjectionTestExecutionListener@6be49db0, org.springframework.test.context.support.DirtiesContextTestExecutionListener@59401422, org.springframework.test.context.transaction.TransactionalTestExecutionListener@513c7023, org.springframework.test.context.jdbc.SqlScriptsTestExecutionListener@5b885e2e, org.springframework.boot.test.autoconfigure.web.servlet.WebDriverTestExecutionListener@14ce51f2, org.springframework.boot.test.autoconfigure.restdocs.RestDocsTestExecutionListener@4d76a64d, org.springframework.boot.test.mock.mockito.MockitoTestExecutionListener@7ff96aa8, org.springframework.boot.test.mock.mockito.ResetMocksTestExecutionListener@66192257, org.springframework.boot.test.autoconfigure.web.client.MockRestServiceServerResetTestExecutionListener@beaea7, org.springframework.boot.test.autoconfigure.web.servlet.MockMvcPrintOnlyOnFailureTestExecutionListener@78823433]
]]></system-out>
  <system-err><![CDATA[]]></system-err>
</testsuite>
