<?xml version="1.0" encoding="UTF-8"?>
<testsuite name="co.parking.utilities.impl.ValidatorRulesImplTest" tests="10" skipped="0" failures="0" errors="0" timestamp="2018-01-09T02:19:13" hostname="lensel-Aspire-E5-471" time="0.044">
  <properties/>
  <testcase name="givenALicensePlateParkedWhenCallverifyLicensePlateThenThrowParkingException" classname="co.parking.utilities.impl.ValidatorRulesImplTest" time="0.003"/>
  <testcase name="givenANullObjectWhenCallverifyParkingDataTestThenThowParKingException" classname="co.parking.utilities.impl.ValidatorRulesImplTest" time="0.002"/>
  <testcase name="whenCallverifyLicensePlateThenThrowParkingException" classname="co.parking.utilities.impl.ValidatorRulesImplTest" time="0.003"/>
  <testcase name="givenAParkingObjectWhenCallverifyParkingDataTestThenDoNothing" classname="co.parking.utilities.impl.ValidatorRulesImplTest" time="0.005"/>
  <testcase name="givenALicensePlateWhenCallverifyLicensePlateThenThrowParkingException" classname="co.parking.utilities.impl.ValidatorRulesImplTest" time="0.003"/>
  <testcase name="givenNumberCarParkedwhenCallverifyParkingAvailableThenThrowParkingException" classname="co.parking.utilities.impl.ValidatorRulesImplTest" time="0.002"/>
  <testcase name="givenNumberMotorcycleParkedwhenCallverifyParkingAvailableThenDoNothing" classname="co.parking.utilities.impl.ValidatorRulesImplTest" time="0.003"/>
  <testcase name="givenAParkingObjectWithoutInformationWhenCallverifyParkingDataTestThenThowParKingException" classname="co.parking.utilities.impl.ValidatorRulesImplTest" time="0.005"/>
  <testcase name="givenNumberMotorcycleParkedwhenCallverifyParkingAvailableThenThrowParkingException" classname="co.parking.utilities.impl.ValidatorRulesImplTest" time="0.002"/>
  <testcase name="givenNumberCarParkedwhenCallverifyParkingAvailableThenDoNothing" classname="co.parking.utilities.impl.ValidatorRulesImplTest" time="0.003"/>
  <system-out><![CDATA[2018-01-08 21:19:13.317  INFO 8863 --- [    Test worker] .b.t.c.SpringBootTestContextBootstrapper : Neither @ContextConfiguration nor @ContextHierarchy found for test class [co.parking.utilities.impl.ValidatorRulesImplTest], using SpringBootContextLoader
2018-01-08 21:19:13.318  INFO 8863 --- [    Test worker] o.s.t.c.support.AbstractContextLoader    : Could not detect default resource locations for test class [co.parking.utilities.impl.ValidatorRulesImplTest]: no resource found for suffixes {-context.xml, Context.groovy}.
2018-01-08 21:19:13.331  INFO 8863 --- [    Test worker] .b.t.c.SpringBootTestContextBootstrapper : Loaded default TestExecutionListener class names from location [META-INF/spring.factories]: [org.springframework.boot.test.mock.mockito.MockitoTestExecutionListener, org.springframework.boot.test.mock.mockito.ResetMocksTestExecutionListener, org.springframework.boot.test.autoconfigure.restdocs.RestDocsTestExecutionListener, org.springframework.boot.test.autoconfigure.web.client.MockRestServiceServerResetTestExecutionListener, org.springframework.boot.test.autoconfigure.web.servlet.MockMvcPrintOnlyOnFailureTestExecutionListener, org.springframework.boot.test.autoconfigure.web.servlet.WebDriverTestExecutionListener, org.springframework.test.context.web.ServletTestExecutionListener, org.springframework.test.context.support.DirtiesContextBeforeModesTestExecutionListener, org.springframework.test.context.support.DependencyInjectionTestExecutionListener, org.springframework.test.context.support.DirtiesContextTestExecutionListener, org.springframework.test.context.transaction.TransactionalTestExecutionListener, org.springframework.test.context.jdbc.SqlScriptsTestExecutionListener]
2018-01-08 21:19:13.335  INFO 8863 --- [    Test worker] .b.t.c.SpringBootTestContextBootstrapper : Could not instantiate TestExecutionListener [org.springframework.test.context.web.ServletTestExecutionListener]. Specify custom listener classes or make the default listener classes (and their required dependencies) available. Offending class: [javax/servlet/ServletContext]
2018-01-08 21:19:13.336  INFO 8863 --- [    Test worker] .b.t.c.SpringBootTestContextBootstrapper : Using TestExecutionListeners: [org.springframework.test.context.support.DirtiesContextBeforeModesTestExecutionListener@696a1a6f, org.springframework.boot.test.autoconfigure.SpringBootDependencyInjectionTestExecutionListener@2d2060cd, org.springframework.test.context.support.DirtiesContextTestExecutionListener@42336c72, org.springframework.test.context.transaction.TransactionalTestExecutionListener@657f9ae3, org.springframework.test.context.jdbc.SqlScriptsTestExecutionListener@5c7f4d41, org.springframework.boot.test.mock.mockito.MockitoTestExecutionListener@72f7780b, org.springframework.boot.test.autoconfigure.restdocs.RestDocsTestExecutionListener@2b7edadb, org.springframework.boot.test.autoconfigure.web.client.MockRestServiceServerResetTestExecutionListener@324fe5d5, org.springframework.boot.test.autoconfigure.web.servlet.MockMvcPrintOnlyOnFailureTestExecutionListener@147cb398, org.springframework.boot.test.mock.mockito.ResetMocksTestExecutionListener@5d82a63c, org.springframework.boot.test.autoconfigure.web.servlet.WebDriverTestExecutionListener@771755]
]]></system-out>
  <system-err><![CDATA[]]></system-err>
</testsuite>
