<?xml version="1.0" encoding="UTF-8"?>
<testsuite name="co.parking.exception.ParkingExceptionTest" tests="1" skipped="0" failures="0" errors="0" timestamp="2018-01-10T12:59:44" hostname="LEONARDO-DIAZ" time="0.0">
  <properties/>
  <testcase name="throwParkingExceptionObjectTest" classname="co.parking.exception.ParkingExceptionTest" time="0.0"/>
  <system-out><![CDATA[]]></system-out>
  <system-err><![CDATA[]]></system-err>
</testsuite>
